app/build/intermediates/manifest_merge_blame_file/release/manifest-merger-blame-release-report.txt
1<?xml version="1.0" encoding="utf-8"?>
2<manifest xmlns:android="http://schemas.android.com/apk/res/android"
3    package="com.ghostapps.placapp"
4    android:versionCode="1"
5    android:versionName="1.0" >
6
7    <uses-sdk
8        android:minSdkVersion="23"
8-->src\main\AndroidManifest.xml
9        android:targetSdkVersion="30" />
9-->src\main\AndroidManifest.xml
10
11    <!-- Although the *SdkVersion is captured in gradle build files, this is required for non gradle builds -->
12    <!-- <uses-sdk android:minSdkVersion="14" /> -->
13    <uses-permission android:name="android.permission.ACCESS_NETWORK_STATE" />
13-->[com.google.firebase:firebase-firestore:22.1.2] AndroidManifest.xml:13:5-79
13-->[com.google.firebase:firebase-firestore:22.1.2] AndroidManifest.xml:13:22-76
14    <uses-permission android:name="android.permission.INTERNET" />
14-->[com.google.firebase:firebase-firestore:22.1.2] AndroidManifest.xml:14:5-67
14-->[com.google.firebase:firebase-firestore:22.1.2] AndroidManifest.xml:14:22-64
15    <uses-permission android:name="android.permission.WAKE_LOCK" />
15-->[com.google.android.gms:play-services-measurement-api:18.0.3] AndroidManifest.xml:24:5-68
15-->[com.google.android.gms:play-services-measurement-api:18.0.3] AndroidManifest.xml:24:22-65
16    <uses-permission android:name="com.google.android.finsky.permission.BIND_GET_INSTALL_REFERRER_SERVICE" />
16-->[com.google.android.gms:play-services-measurement:18.0.3] AndroidManifest.xml:26:5-110
16-->[com.google.android.gms:play-services-measurement:18.0.3] AndroidManifest.xml:26:22-107
17
18    <application
18-->src\main\AndroidManifest.xml:5:5-25:19
19        android:name="com.ghostapps.placapp.main.PlacApp"
19-->src\main\AndroidManifest.xml:6:9-37
20        android:allowBackup="true"
20-->src\main\AndroidManifest.xml:7:9-35
21        android:appComponentFactory="androidx.core.app.CoreComponentFactory"
21-->[androidx.core:core:1.3.2] AndroidManifest.xml:24:18-86
22        android:extractNativeLibs="false"
23        android:icon="@mipmap/ic_launcher"
23-->src\main\AndroidManifest.xml:8:9-43
24        android:label="@string/app_name"
24-->src\main\AndroidManifest.xml:9:9-41
25        android:roundIcon="@mipmap/ic_launcher_round"
25-->src\main\AndroidManifest.xml:10:9-54
26        android:supportsRtl="true"
26-->src\main\AndroidManifest.xml:11:9-35
27        android:theme="@style/AppTheme" >
27-->src\main\AndroidManifest.xml:12:9-40
28        <activity android:name="com.ghostapps.placapp.ui.login.LoginActivity" >
28-->src\main\AndroidManifest.xml:13:9-14:20
28-->src\main\AndroidManifest.xml:13:19-57
29        </activity>
30        <activity android:name="com.ghostapps.placapp.ui.home.HomeActivity" >
30-->src\main\AndroidManifest.xml:15:9-21:20
30-->src\main\AndroidManifest.xml:15:19-55
31            <intent-filter>
31-->src\main\AndroidManifest.xml:17:9-20:25
32                <action android:name="android.intent.action.MAIN" />
32-->src\main\AndroidManifest.xml:18:13-65
32-->src\main\AndroidManifest.xml:18:21-62
33
34                <category android:name="android.intent.category.LAUNCHER" />
34-->src\main\AndroidManifest.xml:19:13-73
34-->src\main\AndroidManifest.xml:19:23-70
35            </intent-filter>
36        </activity>
37        <activity android:name="com.ghostapps.placapp.ui.preGame.PreGameActivity" />
37-->src\main\AndroidManifest.xml:22:9-64
37-->src\main\AndroidManifest.xml:22:19-61
38        <activity android:name="com.ghostapps.placapp.ui.gameScore.GameScoreActivity" />
38-->src\main\AndroidManifest.xml:23:9-68
38-->src\main\AndroidManifest.xml:23:19-65
39        <activity android:name="com.ghostapps.placapp.ui.gameRecords.GameRecordsActivity" />
39-->src\main\AndroidManifest.xml:24:9-72
39-->src\main\AndroidManifest.xml:24:19-69
40
41        <service
41-->[com.google.firebase:firebase-firestore-ktx:22.1.2] AndroidManifest.xml:12:9-18:19
42            android:name="com.google.firebase.components.ComponentDiscoveryService"
42-->[com.google.firebase:firebase-firestore-ktx:22.1.2] AndroidManifest.xml:13:13-84
43            android:directBootAware="true"
43-->[com.google.firebase:firebase-common:19.5.0] AndroidManifest.xml:35:13-43
44            android:exported="false" >
44-->[com.google.firebase:firebase-firestore-ktx:22.1.2] AndroidManifest.xml:14:13-37
45            <meta-data
45-->[com.google.firebase:firebase-firestore-ktx:22.1.2] AndroidManifest.xml:15:13-17:85
46                android:name="com.google.firebase.components:com.google.firebase.firestore.ktx.FirebaseFirestoreKtxRegistrar"
46-->[com.google.firebase:firebase-firestore-ktx:22.1.2] AndroidManifest.xml:16:17-126
47                android:value="com.google.firebase.components.ComponentRegistrar" />
47-->[com.google.firebase:firebase-firestore-ktx:22.1.2] AndroidManifest.xml:17:17-82
48            <meta-data
48-->[com.google.firebase:firebase-firestore:22.1.2] AndroidManifest.xml:20:13-22:85
49                android:name="com.google.firebase.components:com.google.firebase.firestore.FirestoreRegistrar"
49-->[com.google.firebase:firebase-firestore:22.1.2] AndroidManifest.xml:21:17-111
50                android:value="com.google.firebase.components.ComponentRegistrar" />
50-->[com.google.firebase:firebase-firestore:22.1.2] AndroidManifest.xml:22:17-82
51            <meta-data
51-->[com.google.firebase:firebase-analytics-ktx:18.0.3] AndroidManifest.xml:11:13-13:85
52                android:name="com.google.firebase.components:com.google.firebase.analytics.ktx.FirebaseAnalyticsKtxRegistrar"
52-->[com.google.firebase:firebase-analytics-ktx:18.0.3] AndroidManifest.xml:12:17-126
53                android:value="com.google.firebase.components.ComponentRegistrar" />
53-->[com.google.firebase:firebase-analytics-ktx:18.0.3] AndroidManifest.xml:13:17-82
54            <meta-data
54-->[com.google.firebase:firebase-auth-ktx:20.0.4] AndroidManifest.xml:11:13-13:85
55                android:name="com.google.firebase.components:com.google.firebase.auth.ktx.FirebaseAuthKtxRegistrar"
55-->[com.google.firebase:firebase-auth-ktx:20.0.4] AndroidManifest.xml:12:17-116
56                android:value="com.google.firebase.components.ComponentRegistrar" />
56-->[com.google.firebase:firebase-auth-ktx:20.0.4] AndroidManifest.xml:13:17-82
57            <meta-data
57-->[com.google.firebase:firebase-common-ktx:19.5.0] AndroidManifest.xml:15:13-17:85
58                android:name="com.google.firebase.components:com.google.firebase.ktx.FirebaseCommonKtxRegistrar"
58-->[com.google.firebase:firebase-common-ktx:19.5.0] AndroidManifest.xml:16:17-113
59                android:value="com.google.firebase.components.ComponentRegistrar" />
59-->[com.google.firebase:firebase-common-ktx:19.5.0] AndroidManifest.xml:17:17-82
60            <meta-data
60-->[com.google.firebase:firebase-auth:20.0.4] AndroidManifest.xml:77:13-79:85
61                android:name="com.google.firebase.components:com.google.firebase.auth.FirebaseAuthRegistrar"
61-->[com.google.firebase:firebase-auth:20.0.4] AndroidManifest.xml:78:17-109
62                android:value="com.google.firebase.components.ComponentRegistrar" />
62-->[com.google.firebase:firebase-auth:20.0.4] AndroidManifest.xml:79:17-82
63            <meta-data
63-->[com.google.android.gms:play-services-measurement-api:18.0.3] AndroidManifest.xml:30:13-32:85
64                android:name="com.google.firebase.components:com.google.firebase.analytics.connector.internal.AnalyticsConnectorRegistrar"
64-->[com.google.android.gms:play-services-measurement-api:18.0.3] AndroidManifest.xml:31:17-139
65                android:value="com.google.firebase.components.ComponentRegistrar" />
65-->[com.google.android.gms:play-services-measurement-api:18.0.3] AndroidManifest.xml:32:17-82
66            <meta-data
66-->[com.google.firebase:firebase-installations:16.3.5] AndroidManifest.xml:18:13-20:85
67                android:name="com.google.firebase.components:com.google.firebase.installations.FirebaseInstallationsRegistrar"
67-->[com.google.firebase:firebase-installations:16.3.5] AndroidManifest.xml:19:17-127
68                android:value="com.google.firebase.components.ComponentRegistrar" />
68-->[com.google.firebase:firebase-installations:16.3.5] AndroidManifest.xml:20:17-82
69            <!--
70                This registrar is not defined in the dynamic-module-support sdk itself to allow non-firebase
71                clients to use it as well, by defining this registrar in their own core/common library.
72            -->
73            <meta-data
73-->[com.google.firebase:firebase-common:19.5.0] AndroidManifest.xml:43:13-45:85
74                android:name="com.google.firebase.components:com.google.firebase.dynamicloading.DynamicLoadingRegistrar"
74-->[com.google.firebase:firebase-common:19.5.0] AndroidManifest.xml:44:17-121
75                android:value="com.google.firebase.components.ComponentRegistrar" />
75-->[com.google.firebase:firebase-common:19.5.0] AndroidManifest.xml:45:17-82
76        </service>
77        <service
77-->[androidx.room:room-runtime:2.3.0-alpha02] AndroidManifest.xml:25:9-28:40
78            android:name="androidx.room.MultiInstanceInvalidationService"
78-->[androidx.room:room-runtime:2.3.0-alpha02] AndroidManifest.xml:26:13-74
79            android:directBootAware="true"
79-->[androidx.room:room-runtime:2.3.0-alpha02] AndroidManifest.xml:27:13-43
80            android:exported="false" />
80-->[androidx.room:room-runtime:2.3.0-alpha02] AndroidManifest.xml:28:13-37
81
82        <activity
82-->[com.google.firebase:firebase-auth:20.0.4] AndroidManifest.xml:27:9-44:20
83            android:name="com.google.firebase.auth.internal.GenericIdpActivity"
83-->[com.google.firebase:firebase-auth:20.0.4] AndroidManifest.xml:28:13-80
84            android:excludeFromRecents="true"
84-->[com.google.firebase:firebase-auth:20.0.4] AndroidManifest.xml:29:13-46
85            android:exported="true"
85-->[com.google.firebase:firebase-auth:20.0.4] AndroidManifest.xml:30:13-36
86            android:launchMode="singleTask"
86-->[com.google.firebase:firebase-auth:20.0.4] AndroidManifest.xml:31:13-44
87            android:theme="@android:style/Theme.Translucent.NoTitleBar" >
87-->[com.google.firebase:firebase-auth:20.0.4] AndroidManifest.xml:32:13-72
88            <intent-filter>
88-->[com.google.firebase:firebase-auth:20.0.4] AndroidManifest.xml:33:13-43:29
89                <action android:name="android.intent.action.VIEW" />
89-->[com.google.firebase:firebase-auth:20.0.4] AndroidManifest.xml:34:17-69
89-->[com.google.firebase:firebase-auth:20.0.4] AndroidManifest.xml:34:25-66
90
91                <category android:name="android.intent.category.DEFAULT" />
91-->[com.google.firebase:firebase-auth:20.0.4] AndroidManifest.xml:36:17-76
91-->[com.google.firebase:firebase-auth:20.0.4] AndroidManifest.xml:36:27-73
92                <category android:name="android.intent.category.BROWSABLE" />
92-->[com.google.firebase:firebase-auth:20.0.4] AndroidManifest.xml:37:17-78
92-->[com.google.firebase:firebase-auth:20.0.4] AndroidManifest.xml:37:27-75
93
94                <data
94-->[com.google.firebase:firebase-auth:20.0.4] AndroidManifest.xml:39:17-42:51
95                    android:host="firebase.auth"
95-->[com.google.firebase:firebase-auth:20.0.4] AndroidManifest.xml:40:21-49
96                    android:path="/"
96-->[com.google.firebase:firebase-auth:20.0.4] AndroidManifest.xml:41:21-37
97                    android:scheme="genericidp" />
97-->[com.google.firebase:firebase-auth:20.0.4] AndroidManifest.xml:42:21-48
98            </intent-filter>
99        </activity>
100        <activity
100-->[com.google.firebase:firebase-auth:20.0.4] AndroidManifest.xml:45:9-62:20
101            android:name="com.google.firebase.auth.internal.RecaptchaActivity"
101-->[com.google.firebase:firebase-auth:20.0.4] AndroidManifest.xml:46:13-79
102            android:excludeFromRecents="true"
102-->[com.google.firebase:firebase-auth:20.0.4] AndroidManifest.xml:47:13-46
103            android:exported="true"
103-->[com.google.firebase:firebase-auth:20.0.4] AndroidManifest.xml:48:13-36
104            android:launchMode="singleTask"
104-->[com.google.firebase:firebase-auth:20.0.4] AndroidManifest.xml:49:13-44
105            android:theme="@android:style/Theme.Translucent.NoTitleBar" >
105-->[com.google.firebase:firebase-auth:20.0.4] AndroidManifest.xml:50:13-72
106            <intent-filter>
106-->[com.google.firebase:firebase-auth:20.0.4] AndroidManifest.xml:51:13-61:29
107                <action android:name="android.intent.action.VIEW" />
107-->[com.google.firebase:firebase-auth:20.0.4] AndroidManifest.xml:34:17-69
107-->[com.google.firebase:firebase-auth:20.0.4] AndroidManifest.xml:34:25-66
108
109                <category android:name="android.intent.category.DEFAULT" />
109-->[com.google.firebase:firebase-auth:20.0.4] AndroidManifest.xml:36:17-76
109-->[com.google.firebase:firebase-auth:20.0.4] AndroidManifest.xml:36:27-73
110                <category android:name="android.intent.category.BROWSABLE" />
110-->[com.google.firebase:firebase-auth:20.0.4] AndroidManifest.xml:37:17-78
110-->[com.google.firebase:firebase-auth:20.0.4] AndroidManifest.xml:37:27-75
111
112                <data
112-->[com.google.firebase:firebase-auth:20.0.4] AndroidManifest.xml:39:17-42:51
113                    android:host="firebase.auth"
113-->[com.google.firebase:firebase-auth:20.0.4] AndroidManifest.xml:40:21-49
114                    android:path="/"
114-->[com.google.firebase:firebase-auth:20.0.4] AndroidManifest.xml:41:21-37
115                    android:scheme="recaptcha" />
115-->[com.google.firebase:firebase-auth:20.0.4] AndroidManifest.xml:42:21-48
116            </intent-filter>
117        </activity>
118
119        <service
119-->[com.google.firebase:firebase-auth:20.0.4] AndroidManifest.xml:64:9-73:19
120            android:name="com.google.firebase.auth.api.fallback.service.FirebaseAuthFallbackService"
120-->[com.google.firebase:firebase-auth:20.0.4] AndroidManifest.xml:65:13-101
121            android:enabled="true"
121-->[com.google.firebase:firebase-auth:20.0.4] AndroidManifest.xml:66:13-35
122            android:exported="false" >
122-->[com.google.firebase:firebase-auth:20.0.4] AndroidManifest.xml:67:13-37
123            <intent-filter>
123-->[com.google.firebase:firebase-auth:20.0.4] AndroidManifest.xml:68:13-72:29
124                <action android:name="com.google.firebase.auth.api.gms.service.START" />
124-->[com.google.firebase:firebase-auth:20.0.4] AndroidManifest.xml:69:17-89
124-->[com.google.firebase:firebase-auth:20.0.4] AndroidManifest.xml:69:25-86
125
126                <category android:name="android.intent.category.DEFAULT" />
126-->[com.google.firebase:firebase-auth:20.0.4] AndroidManifest.xml:36:17-76
126-->[com.google.firebase:firebase-auth:20.0.4] AndroidManifest.xml:36:27-73
127            </intent-filter>
128        </service>
129
130        <provider
130-->[com.google.firebase:firebase-common:19.5.0] AndroidManifest.xml:26:9-31:39
131            android:name="com.google.firebase.provider.FirebaseInitProvider"
131-->[com.google.firebase:firebase-common:19.5.0] AndroidManifest.xml:27:13-77
132            android:authorities="com.ghostapps.placapp.firebaseinitprovider"
132-->[com.google.firebase:firebase-common:19.5.0] AndroidManifest.xml:28:13-72
133            android:directBootAware="true"
133-->[com.google.firebase:firebase-common:19.5.0] AndroidManifest.xml:29:13-43
134            android:exported="false"
134-->[com.google.firebase:firebase-common:19.5.0] AndroidManifest.xml:30:13-37
135            android:initOrder="100" />
135-->[com.google.firebase:firebase-common:19.5.0] AndroidManifest.xml:31:13-36
136
137        <activity
137-->[com.google.android.gms:play-services-base:17.1.0] AndroidManifest.xml:23:9-26:75
138            android:name="com.google.android.gms.common.api.GoogleApiActivity"
138-->[com.google.android.gms:play-services-base:17.1.0] AndroidManifest.xml:24:13-79
139            android:exported="false"
139-->[com.google.android.gms:play-services-base:17.1.0] AndroidManifest.xml:25:13-37
140            android:theme="@android:style/Theme.Translucent.NoTitleBar" />
140-->[com.google.android.gms:play-services-base:17.1.0] AndroidManifest.xml:26:13-72
141
142        <receiver
142-->[com.google.android.gms:play-services-measurement:18.0.3] AndroidManifest.xml:29:9-33:20
143            android:name="com.google.android.gms.measurement.AppMeasurementReceiver"
143-->[com.google.android.gms:play-services-measurement:18.0.3] AndroidManifest.xml:30:13-85
144            android:enabled="true"
144-->[com.google.android.gms:play-services-measurement:18.0.3] AndroidManifest.xml:31:13-35
145            android:exported="false" >
145-->[com.google.android.gms:play-services-measurement:18.0.3] AndroidManifest.xml:32:13-37
146        </receiver>
147
148        <service
148-->[com.google.android.gms:play-services-measurement:18.0.3] AndroidManifest.xml:35:9-38:40
149            android:name="com.google.android.gms.measurement.AppMeasurementService"
149-->[com.google.android.gms:play-services-measurement:18.0.3] AndroidManifest.xml:36:13-84
150            android:enabled="true"
150-->[com.google.android.gms:play-services-measurement:18.0.3] AndroidManifest.xml:37:13-35
151            android:exported="false" />
151-->[com.google.android.gms:play-services-measurement:18.0.3] AndroidManifest.xml:38:13-37
152        <service
152-->[com.google.android.gms:play-services-measurement:18.0.3] AndroidManifest.xml:39:9-43:72
153            android:name="com.google.android.gms.measurement.AppMeasurementJobService"
153-->[com.google.android.gms:play-services-measurement:18.0.3] AndroidManifest.xml:40:13-87
154            android:enabled="true"
154-->[com.google.android.gms:play-services-measurement:18.0.3] AndroidManifest.xml:41:13-35
155            android:exported="false"
155-->[com.google.android.gms:play-services-measurement:18.0.3] AndroidManifest.xml:42:13-37
156            android:permission="android.permission.BIND_JOB_SERVICE" />
156-->[com.google.android.gms:play-services-measurement:18.0.3] AndroidManifest.xml:43:13-69
157
158        <meta-data
158-->[com.google.android.gms:play-services-basement:17.1.0] AndroidManifest.xml:23:9-25:69
159            android:name="com.google.android.gms.version"
159-->[com.google.android.gms:play-services-basement:17.1.0] AndroidManifest.xml:24:13-58
160            android:value="@integer/google_play_services_version" />
160-->[com.google.android.gms:play-services-basement:17.1.0] AndroidManifest.xml:25:13-66
161    </application>
162
163</manifest>